[+] Containers:
 |- [+] Container: /Game/Dynamic/Levels/Lvl_MainMenu
 |   |- [+] ActorDescs:
 |   |   |- Guid:B15AD50E4527B6E5973D758BDA1630C0 BaseClass: NativeClass:/Script/Engine.WorldDataLayers Name:WorldDataLayers Label:WorldDataLayers SpatiallyLoaded:0 Bounds:Invalid RuntimeGrid:None EditorOnly:0 RuntimeOnly:0 HLODRelevant:0 ListedInSceneOutliner:1 IsMainWorldOnly:1
 |   |- [+] Clusters:
 |   |   |- [+] [  0]
 |   |   |   |- Guid:B15AD50E4527B6E5973D758BDA1630C0 BaseClass: NativeClass:/Script/Engine.WorldDataLayers Name:WorldDataLayers Label:WorldDataLayers SpatiallyLoaded:0 Bounds:Invalid RuntimeGrid:None EditorOnly:0 RuntimeOnly:0 HLODRelevant:0 ListedInSceneOutliner:1 IsMainWorldOnly:1
 |- ContainerInstances:
 |- [+] MainContainer:
 |   |-        ID: 00000000000000000000000000000000
 |   |-  ParentID: 00000000000000000000000000000000
 |   |-    Bounds: IsValid=false, Min=(X=0.000 Y=0.000 Z=0.000), Max=(X=0.000 Y=0.000 Z=0.000)
 |   |- Transform: 0.000000,0.000000,0.000000|0.000000,0.000000,-0.000000|1.000000,1.000000,1.000000
 |   |- Container: /Game/Dynamic/Levels/Lvl_MainMenu
----------------------------------------------------------------------------------------------------------------
Lvl_MainMenu - Persistent Level
----------------------------------------------------------------------------------------------------------------
[+] Content of Lvl_MainMenu Persistent Level
 |- Always loaded Actor Count: 1 
 |- Actor Path: /Game/Dynamic/Levels/Lvl_MainMenu.Lvl_MainMenu:PersistentLevel.WorldDataLayers
 |- Actor Package: /Game/__ExternalActors__/Dynamic/Levels/Lvl_MainMenu/E/IJ/NXFG5CNPJRAAFYT96S9YK2

----------------------------------------------------------------------------------------------------------------
Lvl_MainMenu - Runtime Hash Set
----------------------------------------------------------------------------------------------------------------

