[0331/074820.123:WARNING:value_store_frontend.cc(45)] Reading mhjfbmdgcfjbbpaeojofohoefgiehjai.alarms from  failed: IO error: .../MANIFEST-000001: Unable to create sequential file (ChromeMethodBFE: 7::NewSequentialFile::1)
[0331/074821.176:ERROR:backend_impl.cc(1041)] Critical error found -8
[0331/074821.177:ERROR:entry_impl.cc(1075)] No file for c103007c
[0331/074821.178:WARNING:storage_block-inl.h(146)] Failed data load.
[0331/074821.178:WARNING:storage_block-inl.h(146)] Failed data load.
[0331/074821.178:WARNING:storage_block-inl.h(146)] Failed data load.
[0331/074821.178:WARNING:storage_block-inl.h(146)] Failed data load.
[0331/074821.178:ERROR:entry_impl.cc(1075)] No file for c103006c
[0331/074821.178:WARNING:storage_block-inl.h(146)] Failed data load.
[0331/074821.178:WARNING:storage_block-inl.h(146)] Failed data load.
[0331/074821.178:WARNING:storage_block-inl.h(146)] Failed data load.
[0331/074821.178:WARNING:storage_block-inl.h(146)] Failed data load.
[0331/074821.178:ERROR:entry_impl.cc(1075)] No file for c103004c
[0331/074821.178:WARNING:storage_block-inl.h(146)] Failed data load.
[0331/074821.178:WARNING:storage_block-inl.h(146)] Failed data load.
[0331/074821.178:WARNING:storage_block-inl.h(146)] Failed data load.
[0331/074821.178:WARNING:storage_block-inl.h(146)] Failed data load.
[0331/074821.178:ERROR:entry_impl.cc(1075)] No file for c1030048
[0331/074821.178:WARNING:storage_block-inl.h(146)] Failed data load.
[0331/074821.178:WARNING:storage_block-inl.h(146)] Failed data load.
[0331/074821.178:WARNING:storage_block-inl.h(146)] Failed data load.
[0331/074821.178:WARNING:storage_block-inl.h(146)] Failed data load.
[0331/074821.178:ERROR:entry_impl.cc(1075)] No file for c1030072
[0331/074821.178:WARNING:storage_block-inl.h(146)] Failed data load.
[0331/074821.178:WARNING:storage_block-inl.h(146)] Failed data load.
[0331/074821.178:WARNING:storage_block-inl.h(146)] Failed data load.
[0331/074821.178:WARNING:storage_block-inl.h(146)] Failed data load.
[0331/074821.178:ERROR:entry_impl.cc(1075)] No file for c1030056
[0331/074821.178:WARNING:storage_block-inl.h(146)] Failed data load.
[0331/074821.178:WARNING:storage_block-inl.h(146)] Failed data load.
[0331/074821.178:WARNING:storage_block-inl.h(146)] Failed data load.
[0331/074821.178:WARNING:storage_block-inl.h(146)] Failed data load.
[0331/074821.178:ERROR:entry_impl.cc(1075)] No file for c1030050
[0331/074821.178:WARNING:storage_block-inl.h(146)] Failed data load.
[0331/074821.178:WARNING:storage_block-inl.h(146)] Failed data load.
[0331/074821.178:WARNING:storage_block-inl.h(146)] Failed data load.
[0331/074821.178:WARNING:storage_block-inl.h(146)] Failed data load.
[0331/074821.178:ERROR:entry_impl.cc(1075)] No file for c103009a
[0331/074821.178:WARNING:storage_block-inl.h(146)] Failed data load.
[0331/074821.178:WARNING:storage_block-inl.h(146)] Failed data load.
[0331/074821.178:WARNING:storage_block-inl.h(146)] Failed data load.
[0331/074821.178:WARNING:storage_block-inl.h(146)] Failed data load.
[0331/074821.178:ERROR:entry_impl.cc(1075)] No file for c1030096
[0331/074821.179:WARNING:storage_block-inl.h(146)] Failed data load.
[0331/074821.179:WARNING:storage_block-inl.h(146)] Failed data load.
[0331/074821.179:WARNING:storage_block-inl.h(146)] Failed data load.
[0331/074821.179:WARNING:storage_block-inl.h(146)] Failed data load.
[0331/074821.179:ERROR:entry_impl.cc(1075)] No file for c1030052
[0331/074821.179:WARNING:storage_block-inl.h(146)] Failed data load.
[0331/074821.179:WARNING:storage_block-inl.h(146)] Failed data load.
[0331/074821.179:WARNING:storage_block-inl.h(146)] Failed data load.
[0331/074821.179:WARNING:storage_block-inl.h(146)] Failed data load.
[0331/074821.179:ERROR:entry_impl.cc(1075)] No file for c1030094
[0331/074821.179:WARNING:storage_block-inl.h(146)] Failed data load.
[0331/074821.179:WARNING:storage_block-inl.h(146)] Failed data load.
[0331/074821.179:WARNING:storage_block-inl.h(146)] Failed data load.
[0331/074821.179:WARNING:storage_block-inl.h(146)] Failed data load.
[0331/074821.179:ERROR:entry_impl.cc(1075)] No file for c103004e
[0331/074821.179:WARNING:storage_block-inl.h(146)] Failed data load.
[0331/074821.179:WARNING:storage_block-inl.h(146)] Failed data load.
[0331/074821.179:WARNING:storage_block-inl.h(146)] Failed data load.
[0331/074821.179:WARNING:storage_block-inl.h(146)] Failed data load.
[0331/074821.179:ERROR:entry_impl.cc(1075)] No file for c103005c
[0331/074821.179:WARNING:storage_block-inl.h(146)] Failed data load.
[0331/074821.179:WARNING:storage_block-inl.h(146)] Failed data load.
[0331/074821.179:WARNING:storage_block-inl.h(146)] Failed data load.
[0331/074821.179:WARNING:storage_block-inl.h(146)] Failed data load.
[0331/074821.179:ERROR:entry_impl.cc(1075)] No file for c103006e
[0331/074821.179:WARNING:storage_block-inl.h(146)] Failed data load.
[0331/074821.179:WARNING:storage_block-inl.h(146)] Failed data load.
[0331/074821.179:WARNING:storage_block-inl.h(146)] Failed data load.
[0331/074821.179:WARNING:storage_block-inl.h(146)] Failed data load.
[0331/074821.179:ERROR:entry_impl.cc(1075)] No file for c1030084
[0331/074821.179:WARNING:storage_block-inl.h(146)] Failed data load.
[0331/074821.179:WARNING:storage_block-inl.h(146)] Failed data load.
[0331/074821.179:WARNING:storage_block-inl.h(146)] Failed data load.
[0331/074821.179:WARNING:storage_block-inl.h(146)] Failed data load.
[0331/074821.179:ERROR:entry_impl.cc(1075)] No file for c103009c
[0331/074821.179:WARNING:storage_block-inl.h(146)] Failed data load.
[0331/074821.179:WARNING:storage_block-inl.h(146)] Failed data load.
[0331/074821.179:WARNING:storage_block-inl.h(146)] Failed data load.
[0331/074821.179:WARNING:storage_block-inl.h(146)] Failed data load.
[0331/074821.179:ERROR:entry_impl.cc(1075)] No file for c1030086
[0331/074821.179:WARNING:storage_block-inl.h(146)] Failed data load.
[0331/074821.179:WARNING:storage_block-inl.h(146)] Failed data load.
[0331/074821.179:WARNING:storage_block-inl.h(146)] Failed data load.
[0331/074821.179:WARNING:storage_block-inl.h(146)] Failed data load.
[0331/074821.179:ERROR:entry_impl.cc(1075)] No file for c1030070
[0331/074821.181:WARNING:storage_block-inl.h(146)] Failed data load.
[0331/074821.181:WARNING:storage_block-inl.h(146)] Failed data load.
[0331/074821.181:WARNING:storage_block-inl.h(146)] Failed data load.
[0331/074821.181:WARNING:storage_block-inl.h(146)] Failed data load.
[0331/074821.181:WARNING:storage_block-inl.h(146)] Failed data load.
[0331/074821.181:WARNING:storage_block-inl.h(146)] Failed data load.
[0331/074821.181:WARNING:storage_block-inl.h(146)] Failed data load.
[0331/074821.181:WARNING:storage_block-inl.h(146)] Failed data load.
[0331/074821.181:WARNING:storage_block-inl.h(146)] Failed data load.
[0331/074821.182:WARNING:storage_block-inl.h(146)] Failed data load.
[0331/074821.182:WARNING:storage_block-inl.h(146)] Failed data load.
[0331/074821.182:WARNING:storage_block-inl.h(146)] Failed data load.
[0331/074821.182:WARNING:storage_block-inl.h(146)] Failed data load.
[0331/074821.182:WARNING:storage_block-inl.h(146)] Failed data load.
[0331/074821.183:WARNING:storage_block-inl.h(146)] Failed data load.
[0331/074821.183:WARNING:storage_block-inl.h(146)] Failed data load.
[0331/074821.183:WARNING:storage_block-inl.h(146)] Failed data load.
[0331/074821.183:WARNING:storage_block-inl.h(146)] Failed data load.
[0331/075017.559:ERROR:gpu_init.cc(426)] Passthrough is not supported, GL is disabled
